Android/SPORTAPP10/app/build/intermediates/manifest_merge_blame_file/release/manifest-merger-blame-release-report.txt
1<?xml version="1.0" encoding="utf-8"?>
2<manifest xmlns:android="http://schemas.android.com/apk/res/android"
3    package="com.rush.be.tapp"
4    android:versionCode="1"
5    android:versionName="1.0" >
6
7    <uses-sdk
8        android:minSdkVersion="18"
8-->src/main/AndroidManifest.xml
9        android:targetSdkVersion="30" />
9-->src/main/AndroidManifest.xml
10
11    <uses-permission android:name="android.permission.ACCESS_NETWORK_STATE" />
11-->src/main/AndroidManifest.xml:4:5-79
11-->src/main/AndroidManifest.xml:4:22-76
12    <uses-permission android:name="android.permission.INTERNET" />
12-->src/main/AndroidManifest.xml:5:5-67
12-->src/main/AndroidManifest.xml:5:22-64
13    <uses-permission android:name="android.permission.ACCESS_WIFI_STATE" />
13-->src/main/AndroidManifest.xml:6:5-76
13-->src/main/AndroidManifest.xml:6:22-73
14
15    <application
15-->src/main/AndroidManifest.xml:7:5-22:19
16        android:allowBackup="true"
16-->src/main/AndroidManifest.xml:9:9-35
17        android:appComponentFactory="androidx.core.app.CoreComponentFactory"
17-->[androidx.core:core:1.3.1] AndroidManifest.xml:24:18-86
18        android:icon="@mipmap/ic_launcher"
18-->src/main/AndroidManifest.xml:10:9-43
19        android:label="@string/app_name"
19-->src/main/AndroidManifest.xml:11:9-41
20        android:roundIcon="@mipmap/ic_launcher_round"
20-->src/main/AndroidManifest.xml:12:9-54
21        android:supportsRtl="true"
21-->src/main/AndroidManifest.xml:13:9-35
22        android:theme="@style/AppTheme"
22-->src/main/AndroidManifest.xml:14:9-40
23        android:usesCleartextTraffic="true" >
23-->src/main/AndroidManifest.xml:8:9-44
24        <activity android:name="com.rush.be.tapp.MainActivity" >
24-->src/main/AndroidManifest.xml:15:9-21:20
24-->src/main/AndroidManifest.xml:15:19-47
25            <intent-filter>
25-->src/main/AndroidManifest.xml:16:13-20:29
26                <action android:name="android.intent.action.MAIN" />
26-->src/main/AndroidManifest.xml:17:17-69
26-->src/main/AndroidManifest.xml:17:25-66
27
28                <category android:name="android.intent.category.LAUNCHER" />
28-->src/main/AndroidManifest.xml:19:17-77
28-->src/main/AndroidManifest.xml:19:27-74
29            </intent-filter>
30        </activity>
31    </application>
32
33</manifest>